                                      1 ;--------------------------------------------------------
                                      2 ; File Created by SDCC : free open source ANSI-C Compiler
                                      3 ; Version 3.5.0 #9253 (Apr  3 2018) (Linux)
                                      4 ; This file was generated Thu Apr  4 23:14:22 2019
                                      5 ;--------------------------------------------------------
                                      6 	.module clock_init
                                      7 	.optsdcc -mstm8
                                      8 	
                                      9 ;--------------------------------------------------------
                                     10 ; Public variables in this module
                                     11 ;--------------------------------------------------------
                                     12 	.globl _clock_init
                                     13 ;--------------------------------------------------------
                                     14 ; ram data
                                     15 ;--------------------------------------------------------
                                     16 	.area DATA
                                     17 ;--------------------------------------------------------
                                     18 ; ram data
                                     19 ;--------------------------------------------------------
                                     20 	.area INITIALIZED
                                     21 ;--------------------------------------------------------
                                     22 ; absolute external ram data
                                     23 ;--------------------------------------------------------
                                     24 	.area DABS (ABS)
                                     25 ;--------------------------------------------------------
                                     26 ; global & static initialisations
                                     27 ;--------------------------------------------------------
                                     28 	.area HOME
                                     29 	.area GSINIT
                                     30 	.area GSFINAL
                                     31 	.area GSINIT
                                     32 ;--------------------------------------------------------
                                     33 ; Home
                                     34 ;--------------------------------------------------------
                                     35 	.area HOME
                                     36 	.area HOME
                                     37 ;--------------------------------------------------------
                                     38 ; code
                                     39 ;--------------------------------------------------------
                                     40 	.area CODE
                                     41 ;	../hal/clock_init.c: 9: void clock_init(int wait){
                                     42 ;	-----------------------------------------
                                     43 ;	 function clock_init
                                     44 ;	-----------------------------------------
      000000                         45 _clock_init:
                                     46 ;	../hal/clock_init.c: 10: CLK_SWCR|=CLK_SWCR_SWEN;
      000000 AE 50 C5         [ 2]   47 	ldw	x, #0x50c5
      000003 F6               [ 1]   48 	ld	a, (x)
      000004 AA 02            [ 1]   49 	or	a, #0x02
      000006 F7               [ 1]   50 	ld	(x), a
                                     51 ;	../hal/clock_init.c: 11: CLK_SWR=CLK_SWR_HSE;
      000007 35 B4 50 C4      [ 1]   52 	mov	0x50c4+0, #0xb4
                                     53 ;	../hal/clock_init.c: 14: if (wait){
      00000B 1E 03            [ 2]   54 	ldw	x, (0x03, sp)
      00000D 27 07            [ 1]   55 	jreq	00106$
                                     56 ;	../hal/clock_init.c: 15: while (CLK_SWCR&CLK_SWCR_SWBSY);
      00000F                         57 00101$:
      00000F AE 50 C5         [ 2]   58 	ldw	x, #0x50c5
      000012 F6               [ 1]   59 	ld	a, (x)
      000013 44               [ 1]   60 	srl	a
      000014 25 F9            [ 1]   61 	jrc	00101$
      000016                         62 00106$:
      000016 81               [ 4]   63 	ret
                                     64 	.area CODE
                                     65 	.area INITIALIZER
                                     66 	.area CABS (ABS)
