                                      1 ;--------------------------------------------------------
                                      2 ; File Created by SDCC : free open source ANSI-C Compiler
                                      3 ; Version 3.5.0 #9253 (Apr  3 2018) (Linux)
                                      4 ; This file was generated Thu Apr  4 23:14:22 2019
                                      5 ;--------------------------------------------------------
                                      6 	.module gpio
                                      7 	.optsdcc -mstm8
                                      8 	
                                      9 ;--------------------------------------------------------
                                     10 ; Public variables in this module
                                     11 ;--------------------------------------------------------
                                     12 	.globl _set_pin_input
                                     13 	.globl _set_pin_output
                                     14 ;--------------------------------------------------------
                                     15 ; ram data
                                     16 ;--------------------------------------------------------
                                     17 	.area DATA
                                     18 ;--------------------------------------------------------
                                     19 ; ram data
                                     20 ;--------------------------------------------------------
                                     21 	.area INITIALIZED
                                     22 ;--------------------------------------------------------
                                     23 ; absolute external ram data
                                     24 ;--------------------------------------------------------
                                     25 	.area DABS (ABS)
                                     26 ;--------------------------------------------------------
                                     27 ; global & static initialisations
                                     28 ;--------------------------------------------------------
                                     29 	.area HOME
                                     30 	.area GSINIT
                                     31 	.area GSFINAL
                                     32 	.area GSINIT
                                     33 ;--------------------------------------------------------
                                     34 ; Home
                                     35 ;--------------------------------------------------------
                                     36 	.area HOME
                                     37 	.area HOME
                                     38 ;--------------------------------------------------------
                                     39 ; code
                                     40 ;--------------------------------------------------------
                                     41 	.area CODE
                                     42 ;	../hal/gpio.c: 8: void set_pin_output(int port,int pin, int mode){
                                     43 ;	-----------------------------------------
                                     44 ;	 function set_pin_output
                                     45 ;	-----------------------------------------
      000000                         46 _set_pin_output:
      000000 52 09            [ 2]   47 	sub	sp, #9
                                     48 ;	../hal/gpio.c: 10: gpio[port].ddr|=pin;
      000002 1E 0C            [ 2]   49 	ldw	x, (0x0c, sp)
      000004 89               [ 2]   50 	pushw	x
      000005 4B 05            [ 1]   51 	push	#0x05
      000007 4B 00            [ 1]   52 	push	#0x00
      000009 CDr00r00         [ 4]   53 	call	__mulint
      00000C 5B 04            [ 2]   54 	addw	sp, #4
      00000E 1C 50 00         [ 2]   55 	addw	x, #0x5000
      000011 1F 05            [ 2]   56 	ldw	(0x05, sp), x
      000013 1E 05            [ 2]   57 	ldw	x, (0x05, sp)
      000015 5C               [ 2]   58 	incw	x
      000016 5C               [ 2]   59 	incw	x
      000017 F6               [ 1]   60 	ld	a, (x)
      000018 0F 03            [ 1]   61 	clr	(0x03, sp)
      00001A 1A 0F            [ 1]   62 	or	a, (0x0f, sp)
      00001C 90 95            [ 1]   63 	ld	yh, a
      00001E 7B 03            [ 1]   64 	ld	a, (0x03, sp)
      000020 1A 0E            [ 1]   65 	or	a, (0x0e, sp)
      000022 90 9E            [ 1]   66 	ld	a, yh
      000024 F7               [ 1]   67 	ld	(x), a
                                     68 ;	../hal/gpio.c: 13: gpio[port].cr1&=~pin;
      000025 1E 05            [ 2]   69 	ldw	x, (0x05, sp)
      000027 1C 00 03         [ 2]   70 	addw	x, #0x0003
      00002A 1F 01            [ 2]   71 	ldw	(0x01, sp), x
      00002C 7B 0F            [ 1]   72 	ld	a, (0x0f, sp)
                                     73 ;	../hal/gpio.c: 14: gpio[port].cr2&=~pin;
      00002E 1E 05            [ 2]   74 	ldw	x, (0x05, sp)
      000030 1C 00 04         [ 2]   75 	addw	x, #0x0004
      000033 1F 08            [ 2]   76 	ldw	(0x08, sp), x
                                     77 ;	../hal/gpio.c: 13: gpio[port].cr1&=~pin;
      000035 43               [ 1]   78 	cpl	a
      000036 6B 07            [ 1]   79 	ld	(0x07, sp), a
                                     80 ;	../hal/gpio.c: 11: switch(mode){
      000038 1E 10            [ 2]   81 	ldw	x, (0x10, sp)
      00003A A3 00 00         [ 2]   82 	cpw	x, #0x0000
      00003D 27 17            [ 1]   83 	jreq	00101$
      00003F 1E 10            [ 2]   84 	ldw	x, (0x10, sp)
      000041 A3 00 01         [ 2]   85 	cpw	x, #0x0001
      000044 27 3A            [ 1]   86 	jreq	00103$
      000046 1E 10            [ 2]   87 	ldw	x, (0x10, sp)
      000048 A3 00 02         [ 2]   88 	cpw	x, #0x0002
      00004B 27 1B            [ 1]   89 	jreq	00102$
      00004D 1E 10            [ 2]   90 	ldw	x, (0x10, sp)
      00004F A3 00 03         [ 2]   91 	cpw	x, #0x0003
      000052 27 44            [ 1]   92 	jreq	00104$
      000054 20 5E            [ 2]   93 	jra	00106$
                                     94 ;	../hal/gpio.c: 12: case OUTPUT_OD_SLOW:
      000056                         95 00101$:
                                     96 ;	../hal/gpio.c: 13: gpio[port].cr1&=~pin;
      000056 1E 01            [ 2]   97 	ldw	x, (0x01, sp)
      000058 F6               [ 1]   98 	ld	a, (x)
      000059 14 07            [ 1]   99 	and	a, (0x07, sp)
      00005B 1E 01            [ 2]  100 	ldw	x, (0x01, sp)
      00005D F7               [ 1]  101 	ld	(x), a
                                    102 ;	../hal/gpio.c: 14: gpio[port].cr2&=~pin;
      00005E 1E 08            [ 2]  103 	ldw	x, (0x08, sp)
      000060 F6               [ 1]  104 	ld	a, (x)
      000061 14 07            [ 1]  105 	and	a, (0x07, sp)
      000063 1E 08            [ 2]  106 	ldw	x, (0x08, sp)
      000065 F7               [ 1]  107 	ld	(x), a
                                    108 ;	../hal/gpio.c: 15: break;
      000066 20 4C            [ 2]  109 	jra	00106$
                                    110 ;	../hal/gpio.c: 16: case OUTPUT_OD_FAST:
      000068                        111 00102$:
                                    112 ;	../hal/gpio.c: 17: gpio[port].cr1&=~pin;
      000068 1E 01            [ 2]  113 	ldw	x, (0x01, sp)
      00006A F6               [ 1]  114 	ld	a, (x)
      00006B 14 07            [ 1]  115 	and	a, (0x07, sp)
      00006D 1E 01            [ 2]  116 	ldw	x, (0x01, sp)
      00006F F7               [ 1]  117 	ld	(x), a
                                    118 ;	../hal/gpio.c: 18: gpio[port].cr2|=pin;
      000070 1E 08            [ 2]  119 	ldw	x, (0x08, sp)
      000072 F6               [ 1]  120 	ld	a, (x)
      000073 95               [ 1]  121 	ld	xh, a
      000074 4F               [ 1]  122 	clr	a
      000075 1A 0E            [ 1]  123 	or	a, (0x0e, sp)
      000077 02               [ 1]  124 	rlwa	x
      000078 1A 0F            [ 1]  125 	or	a, (0x0f, sp)
      00007A 95               [ 1]  126 	ld	xh, a
      00007B 1E 08            [ 2]  127 	ldw	x, (0x08, sp)
      00007D F7               [ 1]  128 	ld	(x), a
                                    129 ;	../hal/gpio.c: 19: break;
      00007E 20 34            [ 2]  130 	jra	00106$
                                    131 ;	../hal/gpio.c: 20: case OUTPUT_PP_SLOW:
      000080                        132 00103$:
                                    133 ;	../hal/gpio.c: 21: gpio[port].cr1|=pin;
      000080 1E 01            [ 2]  134 	ldw	x, (0x01, sp)
      000082 F6               [ 1]  135 	ld	a, (x)
      000083 95               [ 1]  136 	ld	xh, a
      000084 4F               [ 1]  137 	clr	a
      000085 1A 0E            [ 1]  138 	or	a, (0x0e, sp)
      000087 02               [ 1]  139 	rlwa	x
      000088 1A 0F            [ 1]  140 	or	a, (0x0f, sp)
      00008A 95               [ 1]  141 	ld	xh, a
      00008B 1E 01            [ 2]  142 	ldw	x, (0x01, sp)
      00008D F7               [ 1]  143 	ld	(x), a
                                    144 ;	../hal/gpio.c: 22: gpio[port].cr2&=~pin;
      00008E 1E 08            [ 2]  145 	ldw	x, (0x08, sp)
      000090 F6               [ 1]  146 	ld	a, (x)
      000091 14 07            [ 1]  147 	and	a, (0x07, sp)
      000093 1E 08            [ 2]  148 	ldw	x, (0x08, sp)
      000095 F7               [ 1]  149 	ld	(x), a
                                    150 ;	../hal/gpio.c: 23: break;
      000096 20 1C            [ 2]  151 	jra	00106$
                                    152 ;	../hal/gpio.c: 24: case OUTPUT_PP_FAST:
      000098                        153 00104$:
                                    154 ;	../hal/gpio.c: 25: gpio[port].cr1|=pin;
      000098 1E 01            [ 2]  155 	ldw	x, (0x01, sp)
      00009A F6               [ 1]  156 	ld	a, (x)
      00009B 95               [ 1]  157 	ld	xh, a
      00009C 4F               [ 1]  158 	clr	a
      00009D 1A 0E            [ 1]  159 	or	a, (0x0e, sp)
      00009F 02               [ 1]  160 	rlwa	x
      0000A0 1A 0F            [ 1]  161 	or	a, (0x0f, sp)
      0000A2 95               [ 1]  162 	ld	xh, a
      0000A3 1E 01            [ 2]  163 	ldw	x, (0x01, sp)
      0000A5 F7               [ 1]  164 	ld	(x), a
                                    165 ;	../hal/gpio.c: 26: gpio[port].cr2|=pin;
      0000A6 1E 08            [ 2]  166 	ldw	x, (0x08, sp)
      0000A8 F6               [ 1]  167 	ld	a, (x)
      0000A9 95               [ 1]  168 	ld	xh, a
      0000AA 4F               [ 1]  169 	clr	a
      0000AB 1A 0E            [ 1]  170 	or	a, (0x0e, sp)
      0000AD 02               [ 1]  171 	rlwa	x
      0000AE 1A 0F            [ 1]  172 	or	a, (0x0f, sp)
      0000B0 95               [ 1]  173 	ld	xh, a
      0000B1 1E 08            [ 2]  174 	ldw	x, (0x08, sp)
      0000B3 F7               [ 1]  175 	ld	(x), a
                                    176 ;	../hal/gpio.c: 28: }
      0000B4                        177 00106$:
      0000B4 5B 09            [ 2]  178 	addw	sp, #9
      0000B6 81               [ 4]  179 	ret
                                    180 ;	../hal/gpio.c: 31: void set_pin_input(int port,int pin,int mode){
                                    181 ;	-----------------------------------------
                                    182 ;	 function set_pin_input
                                    183 ;	-----------------------------------------
      0000B7                        184 _set_pin_input:
      0000B7 52 07            [ 2]  185 	sub	sp, #7
                                    186 ;	../hal/gpio.c: 33: gpio[port].cr1&=~pin;
      0000B9 1E 0A            [ 2]  187 	ldw	x, (0x0a, sp)
      0000BB 89               [ 2]  188 	pushw	x
      0000BC 4B 05            [ 1]  189 	push	#0x05
      0000BE 4B 00            [ 1]  190 	push	#0x00
      0000C0 CDr00r00         [ 4]  191 	call	__mulint
      0000C3 5B 04            [ 2]  192 	addw	sp, #4
      0000C5 1C 50 00         [ 2]  193 	addw	x, #0x5000
      0000C8 1F 04            [ 2]  194 	ldw	(0x04, sp), x
      0000CA 1E 04            [ 2]  195 	ldw	x, (0x04, sp)
      0000CC 1C 00 03         [ 2]  196 	addw	x, #0x0003
      0000CF 1F 01            [ 2]  197 	ldw	(0x01, sp), x
      0000D1 1E 01            [ 2]  198 	ldw	x, (0x01, sp)
      0000D3 F6               [ 1]  199 	ld	a, (x)
      0000D4 95               [ 1]  200 	ld	xh, a
      0000D5 7B 0D            [ 1]  201 	ld	a, (0x0d, sp)
      0000D7 43               [ 1]  202 	cpl	a
      0000D8 6B 03            [ 1]  203 	ld	(0x03, sp), a
      0000DA 9E               [ 1]  204 	ld	a, xh
      0000DB 14 03            [ 1]  205 	and	a, (0x03, sp)
      0000DD 1E 01            [ 2]  206 	ldw	x, (0x01, sp)
      0000DF F7               [ 1]  207 	ld	(x), a
                                    208 ;	../hal/gpio.c: 37: gpio[port].cr2&=~pin;
      0000E0 1E 04            [ 2]  209 	ldw	x, (0x04, sp)
      0000E2 1C 00 04         [ 2]  210 	addw	x, #0x0004
      0000E5 1F 06            [ 2]  211 	ldw	(0x06, sp), x
                                    212 ;	../hal/gpio.c: 34: switch(mode){
      0000E7 1E 0E            [ 2]  213 	ldw	x, (0x0e, sp)
      0000E9 A3 00 00         [ 2]  214 	cpw	x, #0x0000
      0000EC 27 17            [ 1]  215 	jreq	00101$
      0000EE 1E 0E            [ 2]  216 	ldw	x, (0x0e, sp)
      0000F0 A3 00 01         [ 2]  217 	cpw	x, #0x0001
      0000F3 27 3A            [ 1]  218 	jreq	00103$
      0000F5 1E 0E            [ 2]  219 	ldw	x, (0x0e, sp)
      0000F7 A3 00 02         [ 2]  220 	cpw	x, #0x0002
      0000FA 27 1B            [ 1]  221 	jreq	00102$
      0000FC 1E 0E            [ 2]  222 	ldw	x, (0x0e, sp)
      0000FE A3 00 03         [ 2]  223 	cpw	x, #0x0003
      000101 27 44            [ 1]  224 	jreq	00104$
      000103 20 5E            [ 2]  225 	jra	00106$
                                    226 ;	../hal/gpio.c: 35: case INPUT_FLOAT_DI:
      000105                        227 00101$:
                                    228 ;	../hal/gpio.c: 36: gpio[port].cr1&=~pin;
      000105 1E 01            [ 2]  229 	ldw	x, (0x01, sp)
      000107 F6               [ 1]  230 	ld	a, (x)
      000108 14 03            [ 1]  231 	and	a, (0x03, sp)
      00010A 1E 01            [ 2]  232 	ldw	x, (0x01, sp)
      00010C F7               [ 1]  233 	ld	(x), a
                                    234 ;	../hal/gpio.c: 37: gpio[port].cr2&=~pin;
      00010D 1E 06            [ 2]  235 	ldw	x, (0x06, sp)
      00010F F6               [ 1]  236 	ld	a, (x)
      000110 14 03            [ 1]  237 	and	a, (0x03, sp)
      000112 1E 06            [ 2]  238 	ldw	x, (0x06, sp)
      000114 F7               [ 1]  239 	ld	(x), a
                                    240 ;	../hal/gpio.c: 38: break;
      000115 20 4C            [ 2]  241 	jra	00106$
                                    242 ;	../hal/gpio.c: 39: case INPUT_FLOAT_EI:
      000117                        243 00102$:
                                    244 ;	../hal/gpio.c: 40: gpio[port].cr1&=~pin;
      000117 1E 01            [ 2]  245 	ldw	x, (0x01, sp)
      000119 F6               [ 1]  246 	ld	a, (x)
      00011A 14 03            [ 1]  247 	and	a, (0x03, sp)
      00011C 1E 01            [ 2]  248 	ldw	x, (0x01, sp)
      00011E F7               [ 1]  249 	ld	(x), a
                                    250 ;	../hal/gpio.c: 41: gpio[port].cr2|=pin;
      00011F 1E 06            [ 2]  251 	ldw	x, (0x06, sp)
      000121 F6               [ 1]  252 	ld	a, (x)
      000122 95               [ 1]  253 	ld	xh, a
      000123 4F               [ 1]  254 	clr	a
      000124 1A 0C            [ 1]  255 	or	a, (0x0c, sp)
      000126 02               [ 1]  256 	rlwa	x
      000127 1A 0D            [ 1]  257 	or	a, (0x0d, sp)
      000129 95               [ 1]  258 	ld	xh, a
      00012A 1E 06            [ 2]  259 	ldw	x, (0x06, sp)
      00012C F7               [ 1]  260 	ld	(x), a
                                    261 ;	../hal/gpio.c: 42: break;
      00012D 20 34            [ 2]  262 	jra	00106$
                                    263 ;	../hal/gpio.c: 43: case INPUT_PU_DI:
      00012F                        264 00103$:
                                    265 ;	../hal/gpio.c: 44: gpio[port].cr1|=pin;
      00012F 1E 01            [ 2]  266 	ldw	x, (0x01, sp)
      000131 F6               [ 1]  267 	ld	a, (x)
      000132 95               [ 1]  268 	ld	xh, a
      000133 4F               [ 1]  269 	clr	a
      000134 1A 0C            [ 1]  270 	or	a, (0x0c, sp)
      000136 02               [ 1]  271 	rlwa	x
      000137 1A 0D            [ 1]  272 	or	a, (0x0d, sp)
      000139 95               [ 1]  273 	ld	xh, a
      00013A 1E 01            [ 2]  274 	ldw	x, (0x01, sp)
      00013C F7               [ 1]  275 	ld	(x), a
                                    276 ;	../hal/gpio.c: 45: gpio[port].cr2&=~pin;
      00013D 1E 06            [ 2]  277 	ldw	x, (0x06, sp)
      00013F F6               [ 1]  278 	ld	a, (x)
      000140 14 03            [ 1]  279 	and	a, (0x03, sp)
      000142 1E 06            [ 2]  280 	ldw	x, (0x06, sp)
      000144 F7               [ 1]  281 	ld	(x), a
                                    282 ;	../hal/gpio.c: 46: break;
      000145 20 1C            [ 2]  283 	jra	00106$
                                    284 ;	../hal/gpio.c: 47: case INPUT_PU_EI:
      000147                        285 00104$:
                                    286 ;	../hal/gpio.c: 48: gpio[port].cr1|=pin;
      000147 1E 01            [ 2]  287 	ldw	x, (0x01, sp)
      000149 F6               [ 1]  288 	ld	a, (x)
      00014A 95               [ 1]  289 	ld	xh, a
      00014B 4F               [ 1]  290 	clr	a
      00014C 1A 0C            [ 1]  291 	or	a, (0x0c, sp)
      00014E 02               [ 1]  292 	rlwa	x
      00014F 1A 0D            [ 1]  293 	or	a, (0x0d, sp)
      000151 95               [ 1]  294 	ld	xh, a
      000152 1E 01            [ 2]  295 	ldw	x, (0x01, sp)
      000154 F7               [ 1]  296 	ld	(x), a
                                    297 ;	../hal/gpio.c: 49: gpio[port].cr2|=pin;
      000155 1E 06            [ 2]  298 	ldw	x, (0x06, sp)
      000157 F6               [ 1]  299 	ld	a, (x)
      000158 95               [ 1]  300 	ld	xh, a
      000159 4F               [ 1]  301 	clr	a
      00015A 1A 0C            [ 1]  302 	or	a, (0x0c, sp)
      00015C 02               [ 1]  303 	rlwa	x
      00015D 1A 0D            [ 1]  304 	or	a, (0x0d, sp)
      00015F 95               [ 1]  305 	ld	xh, a
      000160 1E 06            [ 2]  306 	ldw	x, (0x06, sp)
      000162 F7               [ 1]  307 	ld	(x), a
                                    308 ;	../hal/gpio.c: 51: }
      000163                        309 00106$:
      000163 5B 07            [ 2]  310 	addw	sp, #7
      000165 81               [ 4]  311 	ret
                                    312 	.area CODE
                                    313 	.area INITIALIZER
                                    314 	.area CABS (ABS)
